{"level":"info","message":"[Get All Articles] => Get all Articles request received"}
{"level":"info","message":"[Get All Tasks] => Get all tasks request complete"}
{"level":"info","message":"[Get All Articles] => Get all Articles request received"}
{"level":"info","message":"[Get All Tasks] => Get all tasks request complete"}
{"level":"info","message":"[Get All Articles] => Get all Articles request received"}
{"level":"info","message":"[Get All Tasks] => Get all tasks request complete"}
{"level":"info","message":"[Get All Articles] => Get all Articles request received"}
{"level":"info","message":"[Get All Tasks] => Get all tasks request complete"}
{"level":"info","message":"[Get All Articles] => Get all Articles request received"}
{"level":"info","message":"[Get All Tasks] => Get all tasks request complete"}
{"level":"info","message":"[Create User] => Signup request received"}
{"level":"info","message":"[Create User] => Signup request complete. User created successfully"}
{"level":"info","message":"[Get All Articles] => Get all Articles request received"}
{"level":"info","message":"[Get All Tasks] => Get all tasks request complete"}
{"level":"info","message":"[Get All Articles] => Get all Articles request received"}
{"level":"info","message":"[Get All Tasks] => Get all tasks request complete"}
{"level":"info","message":"[Get All Articles] => Get all Articles request received"}
{"level":"info","message":"[Get All Tasks] => Get all tasks request complete"}
{"level":"info","message":"[Get All Articles] => Get all Articles request received"}
{"level":"info","message":"[Get All Tasks] => Get all tasks request complete"}
{"level":"info","message":"[Get All Articles] => Get all Articles request received"}
{"level":"info","message":"[Get All Tasks] => Get all tasks request complete"}
{"level":"info","message":"[Get All Articles] => Get all Articles request received"}
{"level":"info","message":"[Get All Tasks] => Get all tasks request complete"}
{"level":"info","message":"[Get All Articles] => Get all Articles request received"}
{"level":"info","message":"[Get All Tasks] => Error: $regex has to be a string"}
{"level":"info","message":"[Get All Articles] => Get all Articles request received"}
{"level":"info","message":"[Get All Tasks] => Get all tasks request complete"}
{"level":"info","message":"[Get All Articles] => Get all Articles request received"}
{"level":"info","message":"[Get All Tasks] => Get all tasks request complete"}
{"level":"info","message":"[Logout User] => Logout request received"}
{"level":"info","message":"[Logout User] => Logout Complete. User logged out successfully"}
{"level":"info","message":"[Login User] => Login request received"}
{"level":"info","message":"[Login User] => Error: newUser is not defined"}
{"level":"info","message":"[Login User] => Login request received"}
{"level":"info","message":"[Login User] => Login Complete. User logged in successfully"}
{"level":"info","message":"[Login User] => Login request received"}
{"level":"info","message":"[Login User] => Login Complete. User logged in successfully"}
{"level":"info","message":"[Create User] => Signup request received"}
{"level":"info","message":"[Create User] => Signup request complete. User created successfully"}
{"level":"info","message":"[Get All Articles] => Get all Articles request received"}
{"level":"info","message":"[Get All Tasks] => Get all tasks request complete"}
{"level":"info","message":"[Get All Articles] => Get all Articles request received"}
{"level":"info","message":"[Get All Tasks] => Get all tasks request complete"}
{"level":"info","message":"[Get All Articles] => Get all Articles request received"}
{"level":"info","message":"[Get All Tasks] => Error: $regex has to be a string"}
{"level":"info","message":"[Get All Articles] => Get all Articles request received"}
{"level":"info","message":"[Get All Tasks] => Get all tasks request complete"}
{"level":"info","message":"[Get All Articles] => Get all Articles request received"}
{"level":"info","message":"[Get All Tasks] => Error: Parameter \"filter\" to find() must be an object, got \"{\n\t\t\ttitle: \"First Book\",\n\t\t\tundefined\n\t\t\tundefined\n\t\t}\" (type string)"}
{"level":"info","message":"[Get All Articles] => Get all Articles request received"}
{"level":"info","message":"[Get All Tasks] => Error: Unexpected token t in JSON at position 5"}
{"level":"info","message":"[Get All Articles] => Get all Articles request received"}
{"level":"info","message":"[Get All Tasks] => Get all tasks request complete"}
{"level":"info","message":"[Get All Articles] => Get all Articles request received"}
{"level":"info","message":"[Get All Tasks] => Get all tasks request complete"}
{"level":"info","message":"[Get All Articles] => Get all Articles request received"}
{"level":"info","message":"[Get All Tasks] => Get all tasks request complete"}
{"level":"info","message":"[Get All Articles] => Get all Articles request received"}
{"level":"info","message":"[Get All Tasks] => Get all tasks request complete"}
{"level":"info","message":"[Get All Articles] => Get all Articles request received"}
{"level":"info","message":"[Get All Tasks] => Get all tasks request complete"}
{"level":"info","message":"[Get All Articles] => Get all Articles request received"}
{"level":"info","message":"[Get All Tasks] => Get all tasks request complete"}
{"level":"info","message":"[Get All Articles] => Get all Articles request received"}
{"level":"info","message":"[Get All Tasks] => Get all tasks request complete"}
{"level":"info","message":"[Login User] => Login request received"}
{"level":"info","message":"[Login User] => Login Complete. User logged in successfully"}
{"level":"info","message":"[Login User] => Login request received"}
{"level":"info","message":"[Login User] => Login Complete. User logged in successfully"}
{"level":"info","message":"[Logout User] => Logout request received"}
{"level":"info","message":"[Logout User] => Logout Complete. User logged out successfully"}
{"level":"info","message":"[Login User] => Login request received"}
{"level":"info","message":"[Login User] => Login Complete. User logged in successfully"}
{"level":"info","message":"[Get All Articles] => Get all Articles request received"}
{"level":"info","message":"[Get All Tasks] => Get all tasks request complete"}
{"level":"info","message":"[Get All Articles] => Get all Articles request received"}
{"level":"info","message":"[Get All Tasks] => Get all tasks request complete"}
{"level":"info","message":"[Get All Articles] => Get all Articles request received"}
{"level":"info","message":"[Get All Tasks] => Get all tasks request complete"}
{"level":"info","message":"[Get All Articles] => Get all Articles request received"}
{"level":"info","message":"[Get All Tasks] => Get all tasks request complete"}
{"level":"info","message":"[Get All Articles] => Get all Articles request received"}
{"level":"info","message":"[Get All Tasks] => Get all tasks request complete"}
{"level":"info","message":"[Get All Articles] => Get all Articles request received"}
{"level":"info","message":"[Get All Tasks] => Get all tasks request complete"}
{"level":"info","message":"[Get All My Articles] => Get all Articles for Logged-in User request received"}
{"level":"info","message":"[Get All Tasks] => Error: Cannot read properties of undefined (reading 'id')"}
{"level":"info","message":"[Login User] => Login request received"}
{"level":"info","message":"[Login User] => Login Complete. User logged in successfully"}
{"level":"info","message":"[Get All My Articles] => Get all Articles for Logged-in User request received"}
{"level":"info","message":"[Get All Tasks] => Get all tasks request complete"}
{"level":"info","message":"[Get All My Articles] => Get all Articles for Logged-in User request received"}
{"level":"info","message":"[Get All Tasks] => Get all tasks request complete"}
{"level":"info","message":"[Get All My Articles] => Get all Articles for Logged-in User request received"}
{"level":"info","message":"[Get All Tasks] => Get all tasks request complete"}
{"level":"info","message":"[Logout User] => Logout request received"}
{"level":"info","message":"[Logout User] => Logout Complete. User logged out successfully"}
{"level":"info","message":"[Login User] => Login request received"}
{"level":"info","message":"[Login User] => Login Complete. User logged in successfully"}
{"level":"info","message":"[Get All My Articles] => Get all Articles for Logged-in User request received"}
{"level":"info","message":"[Get All Tasks] => Get all tasks request complete"}
{"level":"info","message":"[Get All My Articles] => Get all Articles for Logged-in User request received"}
{"level":"info","message":"[Get All Tasks] => Get all tasks request complete"}
{"level":"info","message":"[Get All My Articles] => Get all Articles for Logged-in User request received"}
{"level":"info","message":"[Get All Tasks] => Get all tasks request complete"}
{"level":"info","message":"[Get All My Articles] => Get all Articles for Logged-in User request received"}
{"level":"info","message":"[Get All Tasks] => Get all tasks request complete"}
{"level":"info","message":"[Get All My Articles] => Get all Articles for Logged-in User request received"}
{"level":"info","message":"[Get All Tasks] => Get all tasks request complete"}
{"level":"info","message":"[Get All My Articles] => Get all Articles for Logged-in User request received"}
{"level":"info","message":"[Get All Tasks] => Get all tasks request complete"}
{"level":"info","message":"[Get All Articles] => Get all Articles request received"}
{"level":"info","message":"[Get All Tasks] => Get all tasks request complete"}
{"level":"info","message":"[Logout User] => Logout request received"}
{"level":"info","message":"[Logout User] => Logout Complete. User logged out successfully"}
{"level":"info","message":"[Get All Articles] => Get all Articles request received"}
{"level":"info","message":"[Get All articles] => Request complete: all articles gotten"}
{"level":"info","message":"[Login User] => Login request received"}
{"level":"info","message":"[Login User] => Login request received"}
{"level":"info","message":"[Login User] => Login Complete. User logged in successfully"}
{"level":"info","message":"[Get All My Articles] => Get all Articles for Logged-in User request received"}
{"level":"info","message":"[Get All My Articles] => Request complete: all tasks for Logged-in user gotten"}
{"level":"info","message":"[Update One Article by ID] => Update One Article request received"}
{"level":"info","message":"[Update One Article by ID] => Request Complete: Updated article"}
{"level":"info","message":"[Get All Articles] => Get all Articles request received"}
{"level":"info","message":"[Get All articles] => Request complete: all articles gotten"}
{"level":"info","message":"[Get All My Articles] => Get all Articles for Logged-in User request received"}
{"level":"info","message":"[Get All My Articles] => Request complete: all tasks for Logged-in user gotten"}
{"level":"info","message":"[Create Article] => Create Article request received"}
{"level":"info","message":"[Create Article] => Request Complete: Article created"}
{"level":"info","message":"[Create User] => Signup request received"}
{"level":"info","message":"[Create User] => Signup request complete. User created successfully"}
{"level":"info","message":"[Create User] => Signup request received"}
{"level":"info","message":"[Create User] => Signup request complete. User created successfully"}
{"level":"info","message":"[Create User] => Signup request received"}
{"level":"info","message":"[Create User] => Signup request complete. User created successfully"}
{"level":"info","message":"[Create User] => Signup request received"}
{"level":"info","message":"[Create User] => Signup request complete. User created successfully"}
{"level":"info","message":"[Logout User] => Logout request received"}
{"level":"info","message":"[Logout User] => Logout Complete. User logged out successfully"}
{"level":"info","message":"[Login User] => Login request received"}
{"level":"info","message":"[Login User] => Login Complete. User logged in successfully"}
{"level":"info","message":"[Logout User] => Logout request received"}
{"level":"info","message":"[Logout User] => Logout Complete. User logged out successfully"}
{"level":"info","message":"[Get All Articles] => Get all Articles request received"}
{"level":"info","message":"[Get All articles] => Request complete: all articles gotten"}
{"level":"info","message":"[Get All Articles] => Get all Articles request received"}
{"level":"info","message":"[Get All articles] => Request complete: all articles gotten"}
{"level":"info","message":"[Get All Articles] => Get all Articles request received"}
{"level":"info","message":"[Get All articles] => Request complete: all articles gotten"}
{"level":"info","message":"[Create User] => Signup request received"}
{"level":"info","message":"[Create User] => Error: E11000 duplicate key error collection: blogAPI.users index: email_1 dup key: { email: \"alex1@gmail.com\" }"}
{"level":"info","message":"[Create User] => Signup request received"}
{"level":"info","message":"[Create User] => Error: E11000 duplicate key error collection: blogAPI.users index: email_1 dup key: { email: \"alex1@gmail.com\" }"}
{"level":"info","message":"[Create User] => Signup request received"}
{"level":"info","message":"[Create User] => Signup request complete. User created successfully"}
{"level":"info","message":"[Logout User] => Logout request received"}
{"level":"info","message":"[Logout User] => Logout Complete. User logged out successfully"}
{"level":"info","message":"[Login User] => Login request received"}
{"level":"info","message":"[Login User] => Login Complete. User logged in successfully"}
{"level":"info","message":"[Login User] => Login request received"}
{"level":"info","message":"[Login User] => Login request received"}
{"level":"info","message":"[Login User] => Login Complete. User logged in successfully"}
{"level":"info","message":"[Get All My Articles] => Get all Articles for Logged-in User request received"}
{"level":"info","message":"[Get All My Articles] => Request complete: all tasks for Logged-in user gotten"}
{"level":"info","message":"[Create Article] => Create Article request received"}
{"level":"info","message":"[Create Article] => Request Complete: Article created"}
{"level":"info","message":"[Get One Article by ID] => Get One Article request received"}
{"level":"info","message":"[Get One Article by ID] => Request Complete: One article gotten"}
{"level":"info","message":"[Get One Article by ID] => Get One Article request received"}
{"level":"info","message":"[Get One Article by ID] => Request Complete: One article gotten"}
{"level":"info","message":"[Get One Article by ID] => Get One Article request received"}
{"level":"info","message":"[Get One Article by ID] => Request Complete: One article gotten"}
{"level":"info","message":"[Update One Article by ID] => Update One Article request received"}
{"level":"info","message":"[Update One Article by ID] => Request Complete: Updated article"}
{"level":"info","message":"[Get One Article by ID] => Get One Article request received"}
{"level":"info","message":"[Get One Article by ID] => Request Complete: One article gotten"}
{"level":"info","message":"[Create User] => Signup request received"}
{"level":"info","message":"[Create User] => Signup request complete. User created successfully"}
{"level":"info","message":"[Create User] => Signup request received"}
{"level":"info","message":"[Create User] => Signup request complete. User created successfully"}
{"level":"info","message":"[Create User] => Signup request received"}
{"level":"info","message":"[Create User] => Signup request complete. User created successfully"}
{"level":"info","message":"[Create User] => Signup request received"}
{"level":"info","message":"[Create User] => Signup request complete. User created successfully"}
{"level":"info","message":"[Create User] => Signup request received"}
{"level":"info","message":"[Create User] => Signup request complete. User created successfully"}
{"level":"info","message":"[Create User] => Signup request received"}
{"level":"info","message":"[Create User] => Signup request complete. User created successfully"}
{"level":"info","message":"[Create User] => Signup request received"}
{"level":"info","message":"[Create User] => Signup request complete. User created successfully"}
{"level":"info","message":"[Create User] => Signup request received"}
{"level":"info","message":"[Create User] => Signup request complete. User created successfully"}
{"level":"info","message":"[Login User] => Login request received"}
{"level":"info","message":"[Create User] => Signup request received"}
{"level":"info","message":"[Create User] => Signup request complete. User created successfully"}
{"level":"info","message":"[Login User] => Login request received"}
{"level":"info","message":"[Create User] => Signup request received"}
{"level":"info","message":"[Create User] => Signup request complete. User created successfully"}
{"level":"info","message":"[Login User] => Login request received"}
{"level":"info","message":"[Create User] => Signup request received"}
{"level":"info","message":"[Create User] => Signup request complete. User created successfully"}
{"level":"info","message":"[Login User] => Login request received"}
{"level":"info","message":"[Create User] => Signup request received"}
{"level":"info","message":"[Create User] => Signup request complete. User created successfully"}
{"level":"info","message":"[Login User] => Login request received"}
{"level":"info","message":"[Create User] => Signup request received"}
{"level":"info","message":"[Create User] => Signup request complete. User created successfully"}
{"level":"info","message":"[Login User] => Login request received"}
{"level":"info","message":"[Login User] => Login request received"}
{"level":"info","message":"[Login User] => Login request received"}
{"level":"info","message":"[Login User] => Login Complete. User logged in successfully"}
{"level":"info","message":"[Create User] => Signup request received"}
{"level":"info","message":"[Create User] => Signup request complete. User created successfully"}
{"level":"info","message":"[Login User] => Login request received"}
{"level":"info","message":"[Create User] => Signup request received"}
{"level":"info","message":"[Create User] => Signup request complete. User created successfully"}
{"level":"info","message":"[Login User] => Login request received"}
{"level":"info","message":"[Create User] => Signup request received"}
{"level":"info","message":"[Create User] => Signup request complete. User created successfully"}
{"level":"info","message":"[Login User] => Login request received"}
{"level":"info","message":"[Login User] => Login Complete. User logged in successfully"}
{"level":"info","message":"[Get All Articles] => Get all Articles request received"}
{"level":"info","message":"[Get All articles] => Request complete: all articles gotten"}
{"level":"info","message":"[Create User] => Signup request received"}
{"level":"info","message":"[Create User] => Signup request complete. User created successfully"}
{"level":"info","message":"[Login User] => Login request received"}
{"level":"info","message":"[Login User] => Login Complete. User logged in successfully"}
{"level":"info","message":"[Get All Articles] => Get all Articles request received"}
{"level":"info","message":"[Get All articles] => Request complete: all articles gotten"}
{"level":"info","message":"[Get All Articles] => Get all Articles request received"}
{"level":"info","message":"[Get All articles] => Request complete: all articles gotten"}
{"level":"info","message":"[Create User] => Signup request received"}
{"level":"info","message":"[Create User] => Signup request complete. User created successfully"}
{"level":"info","message":"[Login User] => Login request received"}
{"level":"info","message":"[Login User] => Login Complete. User logged in successfully"}
{"level":"info","message":"[Get All Articles] => Get all Articles request received"}
{"level":"info","message":"[Get All articles] => Request complete: all articles gotten"}
{"level":"info","message":"[Create User] => Signup request received"}
{"level":"info","message":"[Create User] => Signup request complete. User created successfully"}
{"level":"info","message":"[Login User] => Login request received"}
{"level":"info","message":"[Login User] => Login Complete. User logged in successfully"}
{"level":"info","message":"[Get All Articles] => Get all Articles request received"}
{"level":"info","message":"[Get All articles] => Request complete: all articles gotten"}
{"level":"info","message":"[Create User] => Signup request received"}
{"level":"info","message":"[Create User] => Signup request complete. User created successfully"}
{"level":"info","message":"[Login User] => Login request received"}
{"level":"info","message":"[Login User] => Login Complete. User logged in successfully"}
{"level":"info","message":"[Login User] => Login request received"}
{"level":"info","message":"[Login User] => Login Complete. User logged in successfully"}
{"level":"info","message":"[Get All Articles] => Get all Articles request received"}
{"level":"info","message":"[Get All articles] => Request complete: all articles gotten"}
{"level":"info","message":"[Create User] => Signup request received"}
{"level":"info","message":"[Create User] => Signup request complete. User created successfully"}
{"level":"info","message":"[Login User] => Login request received"}
{"level":"info","message":"[Login User] => Login Complete. User logged in successfully"}
{"level":"info","message":"[Get All My Articles] => Get all Articles for Logged-in User request received"}
{"level":"info","message":"[Get All My Articles] => Request complete: all tasks for Logged-in user gotten"}
{"level":"info","message":"[Login User] => Login request received"}
{"level":"info","message":"[Login User] => Login Complete. User logged in successfully"}
{"level":"info","message":"[Get All Articles] => Get all Articles request received"}
{"level":"info","message":"[Get All articles] => Request complete: all articles gotten"}
{"level":"info","message":"[Create User] => Signup request received"}
{"level":"info","message":"[Create User] => Signup request complete. User created successfully"}
{"level":"info","message":"[Login User] => Login request received"}
{"level":"info","message":"[Login User] => Login Complete. User logged in successfully"}
{"level":"info","message":"[Login User] => Login request received"}
{"level":"info","message":"[Login User] => Login Complete. User logged in successfully"}
{"level":"info","message":"[Create Article] => Create Article request received"}
{"level":"info","message":"[Create Article] => Request Complete: Article created"}
{"level":"info","message":"[Get All Articles] => Get all Articles request received"}
{"level":"info","message":"[Get All articles] => Request complete: all articles gotten"}
{"level":"info","message":"[Create User] => Signup request received"}
{"level":"info","message":"[Create User] => Signup request complete. User created successfully"}
{"level":"info","message":"[Login User] => Login request received"}
{"level":"info","message":"[Login User] => Login Complete. User logged in successfully"}
{"level":"info","message":"[Login User] => Login request received"}
{"level":"info","message":"[Login User] => Login Complete. User logged in successfully"}
{"level":"info","message":"[Create Article] => Create Article request received"}
{"level":"info","message":"[Create Article] => Request Complete: Article created"}
{"level":"info","message":"[Get All Articles] => Get all Articles request received"}
{"level":"info","message":"[Get All articles] => Request complete: all articles gotten"}
{"level":"info","message":"[Create User] => Signup request received"}
{"level":"info","message":"[Create User] => Signup request complete. User created successfully"}
{"level":"info","message":"[Login User] => Login request received"}
{"level":"info","message":"[Login User] => Login Complete. User logged in successfully"}
{"level":"info","message":"[Login User] => Login request received"}
{"level":"info","message":"[Login User] => Login Complete. User logged in successfully"}
{"level":"info","message":"[Create Article] => Create Article request received"}
{"level":"info","message":"[Create Article] => Request Complete: Article created"}
{"level":"info","message":"[Get All Articles] => Get all Articles request received"}
{"level":"info","message":"[Get All articles] => Request complete: all articles gotten"}
{"level":"info","message":"[Login User] => Login request received"}
{"level":"info","message":"[Login User] => Login Complete. User logged in successfully"}
{"level":"info","message":"[Create Article] => Create Article request received"}
{"level":"info","message":"[Create Article] => Request Complete: Article created"}
{"level":"info","message":"[Get One Article by ID] => Get One Article request received"}
{"level":"info","message":"[Get One Article by ID] => Error: Cast to ObjectId failed for value \"undefined\" (type string) at path \"_id\" for model \"Article\""}
{"level":"info","message":"[Create User] => Signup request received"}
{"level":"info","message":"[Create User] => Signup request complete. User created successfully"}
{"level":"info","message":"[Login User] => Login request received"}
{"level":"info","message":"[Login User] => Login Complete. User logged in successfully"}
{"level":"info","message":"[Login User] => Login request received"}
{"level":"info","message":"[Login User] => Login Complete. User logged in successfully"}
{"level":"info","message":"[Create Article] => Create Article request received"}
{"level":"info","message":"[Create Article] => Request Complete: Article created"}
{"level":"info","message":"[Get All Articles] => Get all Articles request received"}
{"level":"info","message":"[Get All articles] => Request complete: all articles gotten"}
{"level":"info","message":"[Login User] => Login request received"}
{"level":"info","message":"[Login User] => Login Complete. User logged in successfully"}
{"level":"info","message":"[Create Article] => Create Article request received"}
{"level":"info","message":"[Create Article] => Request Complete: Article created"}
{"level":"info","message":"[Get One Article by ID] => Get One Article request received"}
{"level":"info","message":"[Get One Article by ID] => Error: Cast to ObjectId failed for value \"undefined\" (type string) at path \"_id\" for model \"Article\""}
{"level":"info","message":"[Create User] => Signup request received"}
{"level":"info","message":"[Create User] => Signup request complete. User created successfully"}
{"level":"info","message":"[Login User] => Login request received"}
{"level":"info","message":"[Login User] => Login Complete. User logged in successfully"}
{"level":"info","message":"[Login User] => Login request received"}
{"level":"info","message":"[Login User] => Login Complete. User logged in successfully"}
{"level":"info","message":"[Create Article] => Create Article request received"}
{"level":"info","message":"[Create Article] => Request Complete: Article created"}
{"level":"info","message":"[Get All Articles] => Get all Articles request received"}
{"level":"info","message":"[Get All articles] => Request complete: all articles gotten"}
{"level":"info","message":"[Login User] => Login request received"}
{"level":"info","message":"[Login User] => Login Complete. User logged in successfully"}
{"level":"info","message":"[Create Article] => Create Article request received"}
{"level":"info","message":"[Create Article] => Request Complete: Article created"}
{"level":"info","message":"[Get One Article by ID] => Get One Article request received"}
{"level":"info","message":"[Get One Article by ID] => Error: Cast to ObjectId failed for value \"undefined\" (type string) at path \"_id\" for model \"Article\""}
{"level":"info","message":"[Create User] => Signup request received"}
{"level":"info","message":"[Create User] => Signup request complete. User created successfully"}
{"level":"info","message":"[Login User] => Login request received"}
{"level":"info","message":"[Login User] => Login Complete. User logged in successfully"}
{"level":"info","message":"[Login User] => Login request received"}
{"level":"info","message":"[Login User] => Login Complete. User logged in successfully"}
{"level":"info","message":"[Create Article] => Create Article request received"}
{"level":"info","message":"[Create Article] => Request Complete: Article created"}
{"level":"info","message":"[Get All Articles] => Get all Articles request received"}
{"level":"info","message":"[Get All articles] => Request complete: all articles gotten"}
{"level":"info","message":"[Login User] => Login request received"}
{"level":"info","message":"[Login User] => Login Complete. User logged in successfully"}
{"level":"info","message":"[Create Article] => Create Article request received"}
{"level":"info","message":"[Create Article] => Request Complete: Article created"}
{"level":"info","message":"[Get One Article by ID] => Get One Article request received"}
{"level":"info","message":"[Get One Article by ID] => Error: Cast to ObjectId failed for value \"undefined\" (type string) at path \"_id\" for model \"Article\""}
{"level":"info","message":"[Create User] => Signup request received"}
{"level":"info","message":"[Create User] => Signup request complete. User created successfully"}
{"level":"info","message":"[Login User] => Login request received"}
{"level":"info","message":"[Login User] => Login Complete. User logged in successfully"}
{"level":"info","message":"[Login User] => Login request received"}
{"level":"info","message":"[Login User] => Login Complete. User logged in successfully"}
{"level":"info","message":"[Create Article] => Create Article request received"}
{"level":"info","message":"[Create Article] => Request Complete: Article created"}
{"level":"info","message":"[Get All Articles] => Get all Articles request received"}
{"level":"info","message":"[Get All articles] => Request complete: all articles gotten"}
{"level":"info","message":"[Login User] => Login request received"}
{"level":"info","message":"[Login User] => Login Complete. User logged in successfully"}
{"level":"info","message":"[Create Article] => Create Article request received"}
{"level":"info","message":"[Create Article] => Request Complete: Article created"}
{"level":"info","message":"[Get One Article by ID] => Get One Article request received"}
{"level":"info","message":"[Get One Article by ID] => Error: Cast to ObjectId failed for value \"undefined\" (type string) at path \"_id\" for model \"Article\""}
{"level":"info","message":"[Create User] => Signup request received"}
{"level":"info","message":"[Create User] => Signup request complete. User created successfully"}
{"level":"info","message":"[Login User] => Login request received"}
{"level":"info","message":"[Login User] => Login Complete. User logged in successfully"}
{"level":"info","message":"[Login User] => Login request received"}
{"level":"info","message":"[Login User] => Login Complete. User logged in successfully"}
{"level":"info","message":"[Create Article] => Create Article request received"}
{"level":"info","message":"[Create Article] => Request Complete: Article created"}
{"level":"info","message":"[Get All Articles] => Get all Articles request received"}
{"level":"info","message":"[Get All articles] => Request complete: all articles gotten"}
{"level":"info","message":"[Login User] => Login request received"}
{"level":"info","message":"[Login User] => Login Complete. User logged in successfully"}
{"level":"info","message":"[Create Article] => Create Article request received"}
{"level":"info","message":"[Create Article] => Request Complete: Article created"}
{"level":"info","message":"[Get One Article by ID] => Get One Article request received"}
{"level":"info","message":"[Get One Article by ID] => Error: Cast to ObjectId failed for value \"undefined\" (type string) at path \"_id\" for model \"Article\""}
{"level":"info","message":"[Create User] => Signup request received"}
{"level":"info","message":"[Create User] => Signup request complete. User created successfully"}
{"level":"info","message":"[Login User] => Login request received"}
{"level":"info","message":"[Login User] => Login Complete. User logged in successfully"}
{"level":"info","message":"[Login User] => Login request received"}
{"level":"info","message":"[Login User] => Login Complete. User logged in successfully"}
{"level":"info","message":"[Create Article] => Create Article request received"}
{"level":"info","message":"[Create Article] => Request Complete: Article created"}
{"level":"info","message":"[Get All Articles] => Get all Articles request received"}
{"level":"info","message":"[Get All articles] => Request complete: all articles gotten"}
{"level":"info","message":"[Login User] => Login request received"}
{"level":"info","message":"[Login User] => Login Complete. User logged in successfully"}
{"level":"info","message":"[Create Article] => Create Article request received"}
{"level":"info","message":"[Create Article] => Request Complete: Article created"}
{"level":"info","message":"[Get One Article by ID] => Get One Article request received"}
{"level":"info","message":"[Get One Article by ID] => Request Complete: One article gotten"}
{"level":"info","message":"[Create User] => Signup request received"}
{"level":"info","message":"[Create User] => Signup request complete. User created successfully"}
{"level":"info","message":"[Login User] => Login request received"}
{"level":"info","message":"[Login User] => Login Complete. User logged in successfully"}
{"level":"info","message":"[Login User] => Login request received"}
{"level":"info","message":"[Login User] => Login Complete. User logged in successfully"}
{"level":"info","message":"[Create Article] => Create Article request received"}
{"level":"info","message":"[Create Article] => Request Complete: Article created"}
{"level":"info","message":"[Get All Articles] => Get all Articles request received"}
{"level":"info","message":"[Get All articles] => Request complete: all articles gotten"}
{"level":"info","message":"[Login User] => Login request received"}
{"level":"info","message":"[Login User] => Login Complete. User logged in successfully"}
{"level":"info","message":"[Get All My Articles] => Get all Articles for Logged-in User request received"}
{"level":"info","message":"[Get All My Articles] => Request complete: all tasks for Logged-in user gotten"}
{"level":"info","message":"[Login User] => Login request received"}
{"level":"info","message":"[Login User] => Login Complete. User logged in successfully"}
{"level":"info","message":"[Create Article] => Create Article request received"}
{"level":"info","message":"[Create Article] => Request Complete: Article created"}
{"level":"info","message":"[Get One Article by ID] => Get One Article request received"}
{"level":"info","message":"[Get One Article by ID] => Request Complete: One article gotten"}
{"level":"info","message":"[Create User] => Signup request received"}
{"level":"info","message":"[Create User] => Signup request complete. User created successfully"}
{"level":"info","message":"[Login User] => Login request received"}
{"level":"info","message":"[Login User] => Login Complete. User logged in successfully"}
{"level":"info","message":"[Login User] => Login request received"}
{"level":"info","message":"[Login User] => Login Complete. User logged in successfully"}
{"level":"info","message":"[Create Article] => Create Article request received"}
{"level":"info","message":"[Create Article] => Request Complete: Article created"}
{"level":"info","message":"[Get All Articles] => Get all Articles request received"}
{"level":"info","message":"[Get All articles] => Request complete: all articles gotten"}
{"level":"info","message":"[Login User] => Login request received"}
{"level":"info","message":"[Login User] => Login Complete. User logged in successfully"}
{"level":"info","message":"[Get All My Articles] => Get all Articles for Logged-in User request received"}
{"level":"info","message":"[Get All My Articles] => Request complete: all tasks for Logged-in user gotten"}
{"level":"info","message":"[Login User] => Login request received"}
{"level":"info","message":"[Login User] => Login Complete. User logged in successfully"}
{"level":"info","message":"[Create Article] => Create Article request received"}
{"level":"info","message":"[Create Article] => Request Complete: Article created"}
{"level":"info","message":"[Get One Article by ID] => Get One Article request received"}
{"level":"info","message":"[Get One Article by ID] => Request Complete: One article gotten"}
{"level":"info","message":"[Create User] => Signup request received"}
{"level":"info","message":"[Create User] => Signup request complete. User created successfully"}
{"level":"info","message":"[Login User] => Login request received"}
{"level":"info","message":"[Login User] => Login Complete. User logged in successfully"}
{"level":"info","message":"[Login User] => Login request received"}
{"level":"info","message":"[Login User] => Login Complete. User logged in successfully"}
{"level":"info","message":"[Create Article] => Create Article request received"}
{"level":"info","message":"[Create Article] => Request Complete: Article created"}
{"level":"info","message":"[Get All Articles] => Get all Articles request received"}
{"level":"info","message":"[Get All articles] => Request complete: all articles gotten"}
{"level":"info","message":"[Login User] => Login request received"}
{"level":"info","message":"[Login User] => Login Complete. User logged in successfully"}
{"level":"info","message":"[Get All My Articles] => Get all Articles for Logged-in User request received"}
{"level":"info","message":"[Get All My Articles] => Request complete: all tasks for Logged-in user gotten"}
{"level":"info","message":"[Login User] => Login request received"}
{"level":"info","message":"[Login User] => Login Complete. User logged in successfully"}
{"level":"info","message":"[Create Article] => Create Article request received"}
{"level":"info","message":"[Create Article] => Request Complete: Article created"}
{"level":"info","message":"[Get One Article by ID] => Get One Article request received"}
{"level":"info","message":"[Get One Article by ID] => Request Complete: One article gotten"}
{"level":"info","message":"[Login User] => Login request received"}
{"level":"info","message":"[Login User] => Login Complete. User logged in successfully"}
{"level":"info","message":"[Create Article] => Create Article request received"}
{"level":"info","message":"[Create Article] => Request Complete: Article created"}
{"level":"info","message":"[Update One Article by ID] => Update One Article request received"}
{"level":"info","message":"[Update One Article by ID] => Request Complete: Updated article"}
{"level":"info","message":"[Login User] => Login request received"}
{"level":"info","message":"[Login User] => Login Complete. User logged in successfully"}
{"level":"info","message":"[Create Article] => Create Article request received"}
{"level":"info","message":"[Create Article] => Request Complete: Article created"}
{"level":"info","message":"[Delete Article] => Delete One Article request received"}
{"level":"info","message":"[Delete Article] => Request Complete: One article deleted"}
{"level":"info","message":"[Create User] => Signup request received"}
{"level":"info","message":"[Create User] => Signup request complete. User created successfully"}
{"level":"info","message":"[Login User] => Login request received"}
{"level":"info","message":"[Login User] => Login Complete. User logged in successfully"}
